<?xml version="1.0" encoding="UTF-8"?>
<!-- Generated by org.testng.reporters.JUnitReportReporter -->
<testsuite hostname="GEO" name="com.testcase.tc.LoginTest" tests="1" failures="0" timestamp="31 Jul 2021 12:56:12 GMT" time="72.127" errors="0">
  <testcase name="doLoginTest" time="72.127" classname="com.testcase.tc.LoginTest"/>
</testsuite> <!-- com.testcase.tc.LoginTest -->
