<?xml version="1.0" encoding="UTF-8"?>
<!-- Generated by org.testng.reporters.JUnitReportReporter -->
<testsuite hostname="GEO" name="com.testcase.tc.LoginTest" tests="1" failures="0" timestamp="6 Aug 2021 06:37:06 GMT" time="22.801" errors="0">
  <testcase name="doLoginTest" time="22.801" classname="com.testcase.tc.LoginTest"/>
</testsuite> <!-- com.testcase.tc.LoginTest -->
