<?xml version="1.0" encoding="UTF-8"?>
<!-- Generated by org.testng.reporters.JUnitReportReporter -->
<testsuite hostname="GEO" name="com.testcase.tc.UserTest" tests="2" failures="0" timestamp="3 Aug 2021 04:49:02 GMT" time="67.791" errors="0">
  <testcase name="deleteUser" time="33.497" classname="com.testcase.tc.UserTest"/>
  <testcase name="doUserTest" time="34.294" classname="com.testcase.tc.UserTest"/>
</testsuite> <!-- com.testcase.tc.UserTest -->
