<?xml version="1.0" encoding="UTF-8"?>
<!-- Generated by org.testng.reporters.JUnitReportReporter -->
<testsuite hostname="GEO" name="com.testcase.tc.CompanyTest" tests="1" failures="0" timestamp="31 Jul 2021 12:56:12 GMT" time="78.535" errors="0">
  <testcase name="doCompanyTest" time="78.535" classname="com.testcase.tc.CompanyTest"/>
</testsuite> <!-- com.testcase.tc.CompanyTest -->
