<?xml version="1.0" encoding="UTF-8"?>
<!-- Generated by org.testng.reporters.JUnitReportReporter -->
<testsuite hostname="GEO" name="com.testcase.tc.UserTest" tests="3" failures="0" timestamp="3 Aug 2021 05:21:51 GMT" time="103.569" errors="0">
  <testcase name="doUserTest" time="33.147" classname="com.testcase.tc.UserTest"/>
  <testcase name="showUserlist" time="36.753" classname="com.testcase.tc.UserTest"/>
  <testcase name="deleteUser" time="33.669" classname="com.testcase.tc.UserTest"/>
</testsuite> <!-- com.testcase.tc.UserTest -->
