<?xml version="1.0" encoding="UTF-8"?>
<!-- Generated by org.testng.reporters.JUnitReportReporter -->
<testsuite hostname="GEO" name="com.testcase.tc.DashboardTest" tests="1" failures="0" timestamp="6 Aug 2021 06:37:06 GMT" time="23.459" errors="0">
  <testcase name="doDashboardTest" time="23.459" classname="com.testcase.tc.DashboardTest"/>
</testsuite> <!-- com.testcase.tc.DashboardTest -->
