<?xml version="1.0" encoding="UTF-8"?>
<!-- Generated by org.testng.reporters.JUnitReportReporter -->
<testsuite hostname="GEO" name="com.testcase.tc.SKUTest" tests="1" failures="0" timestamp="3 Aug 2021 10:22:31 GMT" time="43.056" errors="0">
  <testcase name="newSKU" time="43.056" classname="com.testcase.tc.SKUTest"/>
</testsuite> <!-- com.testcase.tc.SKUTest -->
