<?xml version="1.0" encoding="UTF-8"?>
<!-- Generated by org.testng.reporters.JUnitReportReporter -->
<testsuite hostname="GEO" name="com.testcase.tc.DashboardTest" tests="1" failures="0" timestamp="31 Jul 2021 12:56:12 GMT" time="71.433" errors="0">
  <testcase name="doDashboardTest" time="71.433" classname="com.testcase.tc.DashboardTest"/>
</testsuite> <!-- com.testcase.tc.DashboardTest -->
