<?xml version="1.0" encoding="UTF-8"?>
<!-- Generated by org.testng.reporters.JUnitReportReporter -->
<testsuite hostname="GEO" name="com.testcase.tc.SKUTest" tests="1" failures="0" timestamp="3 Aug 2021 11:42:16 GMT" time="36.017" errors="0">
  <testcase name="newSKU" time="36.017" classname="com.testcase.tc.SKUTest"/>
</testsuite> <!-- com.testcase.tc.SKUTest -->
