<?xml version="1.0" encoding="UTF-8"?>
<!-- Generated by org.testng.reporters.JUnitReportReporter -->
<testsuite hostname="GEO" name="com.testcase.tc.ConfigurationTest" tests="1" failures="0" timestamp="6 Aug 2021 06:37:06 GMT" time="53.024" errors="0">
  <testcase name="ConfigTest" time="53.024" classname="com.testcase.tc.ConfigurationTest"/>
</testsuite> <!-- com.testcase.tc.ConfigurationTest -->
