<?xml version="1.0" encoding="UTF-8"?>
<!-- Generated by org.testng.reporters.JUnitReportReporter -->
<testsuite hostname="GEO" name="com.testcase.tc.MasterDataTest" tests="1" failures="0" timestamp="6 Aug 2021 06:37:06 GMT" time="34.851" errors="0">
  <testcase name="doMasterTest" time="34.851" classname="com.testcase.tc.MasterDataTest"/>
</testsuite> <!-- com.testcase.tc.MasterDataTest -->
