<?xml version="1.0" encoding="UTF-8"?>
<!-- Generated by org.testng.reporters.JUnitReportReporter -->
<testsuite hostname="GEO" name="com.testcase.tc.UserTest" tests="3" failures="0" timestamp="6 Aug 2021 06:37:06 GMT" time="109.541" errors="0">
  <testcase name="showUserlist" time="35.222" classname="com.testcase.tc.UserTest"/>
  <testcase name="deleteUser" time="38.796" classname="com.testcase.tc.UserTest"/>
  <testcase name="doUserTest" time="35.523" classname="com.testcase.tc.UserTest"/>
</testsuite> <!-- com.testcase.tc.UserTest -->
