<?xml version="1.0" encoding="UTF-8"?>
<!-- Generated by org.testng.reporters.JUnitReportReporter -->
<testsuite hostname="GEO" name="com.testcase.tc.CompanyTest" tests="1" failures="0" timestamp="6 Aug 2021 06:37:06 GMT" time="28.108" errors="0">
  <testcase name="doCompanyTest" time="28.108" classname="com.testcase.tc.CompanyTest"/>
</testsuite> <!-- com.testcase.tc.CompanyTest -->
