<?xml version="1.0" encoding="UTF-8"?>
<!-- Generated by org.testng.reporters.JUnitReportReporter -->
<testsuite hostname="GEO" name="com.testcase.tc.UserTest" tests="2" failures="0" timestamp="2 Aug 2021 10:21:00 GMT" time="73.233" errors="0">
  <testcase name="deleteUser" time="36.003" classname="com.testcase.tc.UserTest"/>
  <testcase name="doUserTest" time="37.230" classname="com.testcase.tc.UserTest"/>
</testsuite> <!-- com.testcase.tc.UserTest -->
